<?xml version="1.0" encoding="UTF-8"?>
<!-- Generated by org.testng.reporters.JUnitXMLReporter -->
<testsuite ignored="26" hostname="LX-BLR-LT-002" failures="0" tests="2" name="Test" time="59.456" errors="0" timestamp="2024-06-13T11:14:41 IST">
  <testcase classname="LinkCxOWeb.TestCase.WebTestCases" name="loginviaMobileNumber" time="11.496"/>
  <testcase classname="LinkCxOWeb.TestCase.WebTestCases" name="CreatePost" time="42.603"/>
  <testcase classname="LinkCxOWeb.TestCase.WebTestCases" name="AddConnection" time="0.0">
    <ignored/>
  </testcase> <!-- AddConnection -->
  <testcase classname="LinkCxOWeb.TestCase.WebTestCases" name="SwitchWindowCheck" time="0.0">
    <ignored/>
  </testcase> <!-- SwitchWindowCheck -->
  <testcase classname="LinkCxOWeb.TestCase.WebTestCases" name="CreateQuery" time="0.0">
    <ignored/>
  </testcase> <!-- CreateQuery -->
  <testcase classname="LinkCxOWeb.TestCase.WebTestCases" name="CreateSurvey" time="0.0">
    <ignored/>
  </testcase> <!-- CreateSurvey -->
  <testcase classname="LinkCxOWeb.TestCase.WebTestCases" name="ChangeStatusfromInactivetoOpen" time="0.0">
    <ignored/>
  </testcase> <!-- ChangeStatusfromInactivetoOpen -->
  <testcase classname="LinkCxOWeb.TestCase.WebTestCases" name="ComposeAnARticle" time="0.0">
    <ignored/>
  </testcase> <!-- ComposeAnARticle -->
  <testcase classname="LinkCxOWeb.TestCase.WebTestCases" name="SendConnection" time="0.0">
    <ignored/>
  </testcase> <!-- SendConnection -->
  <testcase classname="LinkCxOWeb.TestCase.WebTestCases" name="AddExperience" time="0.0">
    <ignored/>
  </testcase> <!-- AddExperience -->
  <testcase classname="LinkCxOWeb.TestCase.WebTestCases" name="AddAwardscertifications" time="0.0">
    <ignored/>
  </testcase> <!-- AddAwardscertifications -->
  <testcase classname="LinkCxOWeb.TestCase.WebTestCases" name="AddAffiliations" time="0.0">
    <ignored/>
  </testcase> <!-- AddAffiliations -->
  <testcase classname="LinkCxOWeb.TestCase.WebTestCases" name="SaveJob" time="0.0">
    <ignored/>
  </testcase> <!-- SaveJob -->
  <testcase classname="LinkCxOWeb.TestCase.WebTestCases" name="EditStatusAsInactive" time="0.0">
    <ignored/>
  </testcase> <!-- EditStatusAsInactive -->
  <testcase classname="LinkCxOWeb.TestCase.WebTestCases" name="ADdFunction" time="0.0">
    <ignored/>
  </testcase> <!-- ADdFunction -->
  <testcase classname="LinkCxOWeb.TestCase.WebTestCases" name="AddPublications" time="0.0">
    <ignored/>
  </testcase> <!-- AddPublications -->
  <testcase classname="LinkCxOWeb.TestCase.WebTestCases" name="ADdEducation" time="0.0">
    <ignored/>
  </testcase> <!-- ADdEducation -->
  <testcase classname="LinkCxOWeb.TestCase.WebTestCases" name="SkillsAdd" time="0.0">
    <ignored/>
  </testcase> <!-- SkillsAdd -->
  <testcase classname="LinkCxOWeb.TestCase.WebTestCases" name="CreateClub" time="0.0">
    <ignored/>
  </testcase> <!-- CreateClub -->
  <testcase classname="LinkCxOWeb.TestCase.WebTestCases" name="AddLanguage" time="0.0">
    <ignored/>
  </testcase> <!-- AddLanguage -->
  <testcase classname="LinkCxOWeb.TestCase.WebTestCases" name="CreatePoll" time="0.0">
    <ignored/>
  </testcase> <!-- CreatePoll -->
  <testcase classname="LinkCxOWeb.TestCase.WebTestCases" name="ApplyJob" time="0.0">
    <ignored/>
  </testcase> <!-- ApplyJob -->
  <testcase classname="LinkCxOWeb.TestCase.WebTestCases" name="CreateJob" time="0.0">
    <ignored/>
  </testcase> <!-- CreateJob -->
  <testcase classname="LinkCxOWeb.TestCase.WebTestCases" name="ChangeStatusfromOpentoClosed" time="0.0">
    <ignored/>
  </testcase> <!-- ChangeStatusfromOpentoClosed -->
  <testcase classname="LinkCxOWeb.TestCase.WebTestCases" name="ChangeAppliedJobStatus" time="0.0">
    <ignored/>
  </testcase> <!-- ChangeAppliedJobStatus -->
  <testcase classname="LinkCxOWeb.TestCase.WebTestCases" name="addInterest" time="0.0">
    <ignored/>
  </testcase> <!-- addInterest -->
  <testcase classname="LinkCxOWeb.TestCase.WebTestCases" name="CreateEvent" time="0.0">
    <ignored/>
  </testcase> <!-- CreateEvent -->
  <testcase classname="LinkCxOWeb.TestCase.WebTestCases" name="AddIndustry" time="0.0">
    <ignored/>
  </testcase> <!-- AddIndustry -->
</testsuite> <!-- Test -->
