<?xml version="1.0" encoding="UTF-8"?>
<testng-results ignored="0" total="1" passed="1" failed="0" skipped="0">
  <reporter-output>
  </reporter-output>
  <suite started-at="2024-06-14T15:53:14 IST" name="Default suite" finished-at="2024-06-14T15:53:33 IST" duration-ms="18598">
    <groups>
    </groups>
    <test started-at="2024-06-14T15:53:14 IST" name="Default test" finished-at="2024-06-14T15:53:33 IST" duration-ms="18598">
      <class name="ContinentalFsCloudWeb.TestCase.WebTestCases">
        <test-method is-config="true" signature="setUp()[pri:0, instance:ContinentalFsCloudWeb.TestCase.WebTestCases@dd8ba08]" started-at="2024-06-14T15:53:14 IST" name="setUp" finished-at="2024-06-14T15:53:20 IST" duration-ms="6162" status="PASS">
          <reporter-output>
          </reporter-output>
        </test-method> <!-- setUp -->
        <test-method signature="loginviaMobileNumber()[pri:1, instance:ContinentalFsCloudWeb.TestCase.WebTestCases@dd8ba08]" started-at="2024-06-14T15:53:20 IST" name="loginviaMobileNumber" finished-at="2024-06-14T15:53:32 IST" duration-ms="11561" status="PASS">
          <reporter-output>
          </reporter-output>
        </test-method> <!-- loginviaMobileNumber -->
        <test-method is-config="true" signature="teardown()[pri:0, instance:ContinentalFsCloudWeb.TestCase.WebTestCases@dd8ba08]" started-at="2024-06-14T15:53:32 IST" name="teardown" finished-at="2024-06-14T15:53:33 IST" duration-ms="838" status="PASS">
          <reporter-output>
          </reporter-output>
        </test-method> <!-- teardown -->
      </class> <!-- ContinentalFsCloudWeb.TestCase.WebTestCases -->
    </test> <!-- Default test -->
  </suite> <!-- Default suite -->
</testng-results>
